<?xml version="1.0" encoding="UTF-8"?>
<testng-results skipped="0" failed="0" ignored="0" total="4" passed="4">
  <reporter-output>
  </reporter-output>
  <suite name="Parallel - RegressionSuite" duration-ms="17377" started-at="2019-08-04T10:27:35Z" finished-at="2019-08-04T10:27:53Z">
    <groups>
    </groups>
    <test name="Test Application - Chrome" duration-ms="14869" started-at="2019-08-04T10:27:35Z" finished-at="2019-08-04T10:27:50Z">
      <class name="com.nag.nagp.testcases.Test_Redbus_BusTicket_BookingPage">
        <test-method status="PASS" signature="beforeTest(java.lang.String)[pri:0, instance:com.nag.nagp.testcases.Test_Redbus_BusTicket_BookingPage@551aa95a]" name="beforeTest" is-config="true" duration-ms="2993" started-at="2019-08-04T10:27:35Z" finished-at="2019-08-04T10:27:38Z">
          <params>
            <param index="0">
              <value>
                <![CDATA[chrome]]>
              </value>
            </param>
          </params>
          <reporter-output>
          </reporter-output>
        </test-method> <!-- beforeTest -->
        <test-method status="PASS" signature="initializeRestClient(java.lang.reflect.Method, org.testng.ITestResult)[pri:0, instance:com.nag.nagp.testcases.Test_Redbus_BusTicket_BookingPage@551aa95a]" name="initializeRestClient" is-config="true" duration-ms="2460" started-at="2019-08-04T10:27:38Z" finished-at="2019-08-04T10:27:41Z">
          <params>
            <param index="0">
              <value>
                <![CDATA[public void com.nag.nagp.testcases.Test_Redbus_BusTicket_BookingPage.Test_Validate_BusTicket_Fields() throws com.nag.nagp.customException.ElementNotFound,com.nag.nagp.customException.ElementNotClickable]]>
              </value>
            </param>
            <param index="1">
              <value>
                <![CDATA[[TestResult name=Test_Validate_BusTicket_Fields status=SUCCESS method=Test_Redbus_BusTicket_BookingPage.Test_Validate_BusTicket_Fields()[pri:0, instance:com.nag.nagp.testcases.Test_Redbus_BusTicket_BookingPage@551aa95a] output={null}]]]>
              </value>
            </param>
          </params>
          <reporter-output>
          </reporter-output>
        </test-method> <!-- initializeRestClient -->
        <test-method status="PASS" signature="Test_Validate_BusTicket_Fields()[pri:0, instance:com.nag.nagp.testcases.Test_Redbus_BusTicket_BookingPage@551aa95a]" name="Test_Validate_BusTicket_Fields" duration-ms="925" started-at="2019-08-04T10:27:41Z" description="Validate the fields on Redbus bus ticket page." finished-at="2019-08-04T10:27:42Z">
          <reporter-output>
          </reporter-output>
        </test-method> <!-- Test_Validate_BusTicket_Fields -->
        <test-method status="PASS" signature="getResult(org.testng.ITestResult)[pri:0, instance:com.nag.nagp.testcases.Test_Redbus_BusTicket_BookingPage@551aa95a]" name="getResult" is-config="true" duration-ms="5" started-at="2019-08-04T10:27:42Z" finished-at="2019-08-04T10:27:42Z">
          <params>
            <param index="0">
              <value>
                <![CDATA[[TestResult name=Test_Validate_BusTicket_Fields status=SUCCESS method=Test_Redbus_BusTicket_BookingPage.Test_Validate_BusTicket_Fields()[pri:0, instance:com.nag.nagp.testcases.Test_Redbus_BusTicket_BookingPage@551aa95a] output={null}]]]>
              </value>
            </param>
          </params>
          <reporter-output>
          </reporter-output>
        </test-method> <!-- getResult -->
        <test-method status="PASS" signature="initializeRestClient(java.lang.reflect.Method, org.testng.ITestResult)[pri:0, instance:com.nag.nagp.testcases.Test_Redbus_BusTicket_BookingPage@551aa95a]" name="initializeRestClient" is-config="true" duration-ms="607" started-at="2019-08-04T10:27:42Z" finished-at="2019-08-04T10:27:42Z">
          <params>
            <param index="0">
              <value>
                <![CDATA[public void com.nag.nagp.testcases.Test_Redbus_BusTicket_BookingPage.Test_Validate_BusesSameSourceDestination() throws com.nag.nagp.customException.ElementNotFound,com.nag.nagp.customException.ElementNotClickable,java.lang.Exception]]>
              </value>
            </param>
            <param index="1">
              <value>
                <![CDATA[[TestResult name=Test_Validate_BusesSameSourceDestination status=SUCCESS method=Test_Redbus_BusTicket_BookingPage.Test_Validate_BusesSameSourceDestination()[pri:0, instance:com.nag.nagp.testcases.Test_Redbus_BusTicket_BookingPage@551aa95a] output={null}]]]>
              </value>
            </param>
          </params>
          <reporter-output>
          </reporter-output>
        </test-method> <!-- initializeRestClient -->
        <test-method status="PASS" signature="Test_Validate_BusesSameSourceDestination()[pri:0, instance:com.nag.nagp.testcases.Test_Redbus_BusTicket_BookingPage@551aa95a]" name="Test_Validate_BusesSameSourceDestination" duration-ms="6946" started-at="2019-08-04T10:27:42Z" description="Validate the number of buses when Source and Destination are same." finished-at="2019-08-04T10:27:49Z">
          <reporter-output>
          </reporter-output>
        </test-method> <!-- Test_Validate_BusesSameSourceDestination -->
        <test-method status="PASS" signature="getResult(org.testng.ITestResult)[pri:0, instance:com.nag.nagp.testcases.Test_Redbus_BusTicket_BookingPage@551aa95a]" name="getResult" is-config="true" duration-ms="1" started-at="2019-08-04T10:27:49Z" finished-at="2019-08-04T10:27:49Z">
          <params>
            <param index="0">
              <value>
                <![CDATA[[TestResult name=Test_Validate_BusesSameSourceDestination status=SUCCESS method=Test_Redbus_BusTicket_BookingPage.Test_Validate_BusesSameSourceDestination()[pri:0, instance:com.nag.nagp.testcases.Test_Redbus_BusTicket_BookingPage@551aa95a] output={null}]]]>
              </value>
            </param>
          </params>
          <reporter-output>
          </reporter-output>
        </test-method> <!-- getResult -->
        <test-method status="PASS" signature="tearDown(java.lang.String)[pri:0, instance:com.nag.nagp.testcases.Test_Redbus_BusTicket_BookingPage@551aa95a]" name="tearDown" is-config="true" duration-ms="913" started-at="2019-08-04T10:27:49Z" finished-at="2019-08-04T10:27:50Z">
          <params>
            <param index="0">
              <value>
                <![CDATA[chrome]]>
              </value>
            </param>
          </params>
          <reporter-output>
          </reporter-output>
        </test-method> <!-- tearDown -->
      </class> <!-- com.nag.nagp.testcases.Test_Redbus_BusTicket_BookingPage -->
    </test> <!-- Test Application - Chrome -->
    <test name="Test Application - Firefox" duration-ms="17377" started-at="2019-08-04T10:27:35Z" finished-at="2019-08-04T10:27:53Z">
      <class name="com.nag.nagp.testcases.Test_Redbus_BusTicket_BookingPage">
        <test-method status="PASS" signature="beforeSuite()[pri:0, instance:com.nag.nagp.testcases.Test_Redbus_BusTicket_BookingPage@4f063c0a]" name="beforeSuite" is-config="true" duration-ms="104" started-at="2019-08-04T10:27:35Z" finished-at="2019-08-04T10:27:35Z">
          <reporter-output>
          </reporter-output>
        </test-method> <!-- beforeSuite -->
        <test-method status="PASS" signature="beforeTest(java.lang.String)[pri:0, instance:com.nag.nagp.testcases.Test_Redbus_BusTicket_BookingPage@4f063c0a]" name="beforeTest" is-config="true" duration-ms="4069" started-at="2019-08-04T10:27:35Z" finished-at="2019-08-04T10:27:39Z">
          <params>
            <param index="0">
              <value>
                <![CDATA[firefox]]>
              </value>
            </param>
          </params>
          <reporter-output>
          </reporter-output>
        </test-method> <!-- beforeTest -->
        <test-method status="PASS" signature="initializeRestClient(java.lang.reflect.Method, org.testng.ITestResult)[pri:0, instance:com.nag.nagp.testcases.Test_Redbus_BusTicket_BookingPage@4f063c0a]" name="initializeRestClient" is-config="true" duration-ms="3070" started-at="2019-08-04T10:27:39Z" finished-at="2019-08-04T10:27:42Z">
          <params>
            <param index="0">
              <value>
                <![CDATA[public void com.nag.nagp.testcases.Test_Redbus_BusTicket_BookingPage.Test_Validate_BusTicket_Fields() throws com.nag.nagp.customException.ElementNotFound,com.nag.nagp.customException.ElementNotClickable]]>
              </value>
            </param>
            <param index="1">
              <value>
                <![CDATA[[TestResult name=Test_Validate_BusTicket_Fields status=SUCCESS method=Test_Redbus_BusTicket_BookingPage.Test_Validate_BusTicket_Fields()[pri:0, instance:com.nag.nagp.testcases.Test_Redbus_BusTicket_BookingPage@4f063c0a] output={null}]]]>
              </value>
            </param>
          </params>
          <reporter-output>
          </reporter-output>
        </test-method> <!-- initializeRestClient -->
        <test-method status="PASS" signature="Test_Validate_BusTicket_Fields()[pri:0, instance:com.nag.nagp.testcases.Test_Redbus_BusTicket_BookingPage@4f063c0a]" name="Test_Validate_BusTicket_Fields" duration-ms="1387" started-at="2019-08-04T10:27:42Z" description="Validate the fields on Redbus bus ticket page." finished-at="2019-08-04T10:27:44Z">
          <reporter-output>
          </reporter-output>
        </test-method> <!-- Test_Validate_BusTicket_Fields -->
        <test-method status="PASS" signature="getResult(org.testng.ITestResult)[pri:0, instance:com.nag.nagp.testcases.Test_Redbus_BusTicket_BookingPage@4f063c0a]" name="getResult" is-config="true" duration-ms="0" started-at="2019-08-04T10:27:44Z" finished-at="2019-08-04T10:27:44Z">
          <params>
            <param index="0">
              <value>
                <![CDATA[[TestResult name=Test_Validate_BusTicket_Fields status=SUCCESS method=Test_Redbus_BusTicket_BookingPage.Test_Validate_BusTicket_Fields()[pri:0, instance:com.nag.nagp.testcases.Test_Redbus_BusTicket_BookingPage@4f063c0a] output={null}]]]>
              </value>
            </param>
          </params>
          <reporter-output>
          </reporter-output>
        </test-method> <!-- getResult -->
        <test-method status="PASS" signature="initializeRestClient(java.lang.reflect.Method, org.testng.ITestResult)[pri:0, instance:com.nag.nagp.testcases.Test_Redbus_BusTicket_BookingPage@4f063c0a]" name="initializeRestClient" is-config="true" duration-ms="1008" started-at="2019-08-04T10:27:44Z" finished-at="2019-08-04T10:27:45Z">
          <params>
            <param index="0">
              <value>
                <![CDATA[public void com.nag.nagp.testcases.Test_Redbus_BusTicket_BookingPage.Test_Validate_BusesSameSourceDestination() throws com.nag.nagp.customException.ElementNotFound,com.nag.nagp.customException.ElementNotClickable,java.lang.Exception]]>
              </value>
            </param>
            <param index="1">
              <value>
                <![CDATA[[TestResult name=Test_Validate_BusesSameSourceDestination status=SUCCESS method=Test_Redbus_BusTicket_BookingPage.Test_Validate_BusesSameSourceDestination()[pri:0, instance:com.nag.nagp.testcases.Test_Redbus_BusTicket_BookingPage@4f063c0a] output={null}]]]>
              </value>
            </param>
          </params>
          <reporter-output>
          </reporter-output>
        </test-method> <!-- initializeRestClient -->
        <test-method status="PASS" signature="Test_Validate_BusesSameSourceDestination()[pri:0, instance:com.nag.nagp.testcases.Test_Redbus_BusTicket_BookingPage@4f063c0a]" name="Test_Validate_BusesSameSourceDestination" duration-ms="6851" started-at="2019-08-04T10:27:45Z" description="Validate the number of buses when Source and Destination are same." finished-at="2019-08-04T10:27:52Z">
          <reporter-output>
          </reporter-output>
        </test-method> <!-- Test_Validate_BusesSameSourceDestination -->
        <test-method status="PASS" signature="getResult(org.testng.ITestResult)[pri:0, instance:com.nag.nagp.testcases.Test_Redbus_BusTicket_BookingPage@4f063c0a]" name="getResult" is-config="true" duration-ms="1" started-at="2019-08-04T10:27:52Z" finished-at="2019-08-04T10:27:52Z">
          <params>
            <param index="0">
              <value>
                <![CDATA[[TestResult name=Test_Validate_BusesSameSourceDestination status=SUCCESS method=Test_Redbus_BusTicket_BookingPage.Test_Validate_BusesSameSourceDestination()[pri:0, instance:com.nag.nagp.testcases.Test_Redbus_BusTicket_BookingPage@4f063c0a] output={null}]]]>
              </value>
            </param>
          </params>
          <reporter-output>
          </reporter-output>
        </test-method> <!-- getResult -->
        <test-method status="PASS" signature="tearDown(java.lang.String)[pri:0, instance:com.nag.nagp.testcases.Test_Redbus_BusTicket_BookingPage@4f063c0a]" name="tearDown" is-config="true" duration-ms="990" started-at="2019-08-04T10:27:52Z" finished-at="2019-08-04T10:27:53Z">
          <params>
            <param index="0">
              <value>
                <![CDATA[firefox]]>
              </value>
            </param>
          </params>
          <reporter-output>
          </reporter-output>
        </test-method> <!-- tearDown -->
      </class> <!-- com.nag.nagp.testcases.Test_Redbus_BusTicket_BookingPage -->
    </test> <!-- Test Application - Firefox -->
  </suite> <!-- Parallel - RegressionSuite -->
</testng-results>
