<?xml version="1.0" encoding="UTF-8"?>
<!-- Generated by org.testng.reporters.JUnitXMLReporter -->
<testsuite hostname="sachin4597-01" ignored="0" name="Test Application - Firefox" tests="2" failures="0" timestamp="04 Aug 2019 10:27:53 GMT" time="17.377" errors="0">
  <testcase name="Test_Validate_BusTicket_Fields" time="1.387" classname="com.nag.nagp.testcases.Test_Redbus_BusTicket_BookingPage"/>
  <testcase name="Test_Validate_BusesSameSourceDestination" time="6.851" classname="com.nag.nagp.testcases.Test_Redbus_BusTicket_BookingPage"/>
</testsuite> <!-- Test Application - Firefox -->
